C51 COMPILER V9.60.0.0   MAIN                                                              03/12/2025 14:06:17 PAGE 1   


C51 COMPILER V9.60.0.0, COMPILATION OF MODULE MAIN
OBJECT MODULE PLACED IN .\Output\main.obj
COMPILER INVOKED BY: C:\Keil_v5\C51\BIN\C51.EXE ..\main.c LARGE OMF2 OPTIMIZE(7,SPEED) BROWSE INCDIR(..\..\..\..\Library
                    -\Device\Include;..\..\..\..\Library\StdDriver\inc) DEBUG PRINT(.\lst\main.lst) TABS(2) OBJECT(.\Output\main.obj)

line level    source

   1          /*--------------------------------------------------------------------------------------------------------
             --*/
   2          /*                                                                                                        
             - */
   3          /* SPDX-License-Identifier: Apache-2.0                                                                    
             - */
   4          /* Copyright(c) 2023 Nuvoton Technology Corp. All rights reserved.                                        
             - */
   5          /*                                                                                                        
             - */
   6          /*--------------------------------------------------------------------------------------------------------
             --*/
   7          #include "numicro_8051.h"
   8          
   9          
  10          
  11          /*********************************************************************************************************
             -***/
  12          /* FUNCTION_PURPOSE: Main Loop                                                                            
             -  */
  13          /*********************************************************************************************************
             -***/
  14          void main (void)
  15          {
  16   1          uint8_t   ct;
  17   1      
  18   1        WDT_Clear();
  19   1          WDT_Open(1024);
  20   1      
  21   1        GPIO_LED_QUASI_MODE;
  22   1      /* Note WDT timer base is LIRC 10Khz*/
  23   1        MODIFY_HIRC(HIRC_24);
  24   1        Enable_UART0_VCOM_printf_24M_115200();
  25   1          printf("\n\r  Test start MCU reset ");
  26   1          WDT_Clear();
  27   1      
  28   1          Read_CONFIG();
  29   1          SFRS = 0;
  30   1          printf ("\n\r Now config value is :   ");
  31   1          for(ct=0;ct<5;ct++)
  32   1          {
  33   2            SFRS = 0;
  34   2            printf ("\r 0x%X", IAPCFBuf[ct]);
  35   2              WDT_Clear();
  36   2          }
  37   1          SFRS = 0;
  38   1          printf("\n\r  WDT Reset enabled in CONFIG ");
  39   1          WDT_Clear();
  40   1      
  41   1          printf ("\n\r ");
  42   1          printf("\n\r  P32 connect to VDD, WDT not reset ");
  43   1          WDT_Clear();
  44   1      //--------------------------------------------------------
  45   1      //Warning:
C51 COMPILER V9.60.0.0   MAIN                                                              03/12/2025 14:06:17 PAGE 2   

  46   1      //Pleaes always check CONFIG WDT disable first 
  47   1      //only when WDT reset disable, WDT use as pure timer
  48   1      //--------------------------------------------------------
  49   1          while (GPIO_LED)
  50   1          {
  51   2              WDT_Clear();
  52   2          }
  53   1          while(1);
  54   1      
  55   1      }
  56          


MODULE INFORMATION:   STATIC OVERLAYABLE
   CODE SIZE        =    155    ----
   CONSTANT SIZE    =    137    ----
   XDATA SIZE       =   ----       1
   PDATA SIZE       =   ----    ----
   DATA SIZE        =   ----    ----
   IDATA SIZE       =   ----    ----
   BIT SIZE         =   ----    ----
   EDATA SIZE       =   ----    ----
   HDATA SIZE       =   ----    ----
   XDATA CONST SIZE =   ----    ----
   FAR CONST SIZE   =   ----    ----
END OF MODULE INFORMATION.


C51 COMPILATION COMPLETE.  0 WARNING(S),  0 ERROR(S)
