C51 COMPILER V9.60.0.0   SPI                                                               06/25/2024 11:41:48 PAGE 1   


C51 COMPILER V9.60.0.0, COMPILATION OF MODULE SPI
OBJECT MODULE PLACED IN .\Output\spi.obj
COMPILER INVOKED BY: C:\Keil_v5\C51\BIN\C51.EXE ..\..\..\..\Library\StdDriver\src\spi.c LARGE OMF2 OPTIMIZE(8,SPEED) BRO
                    -WSE INCDIR(..\..\..\..\Library\Device\Include;..\..\..\..\Library\StdDriver\inc) DEBUG PRINT(.\LST\spi.lst) TABS(2) OBJE
                    -CT(.\Output\spi.obj)

line level    source

   1          /*--------------------------------------------------------------------------------------------------------
             --*/
   2          /*                                                                                                        
             - */
   3          /* SPDX-License-Identifier: Apache-2.0                                                                    
             - */
   4          /* Copyright(c) 2024 Nuvoton Technology Corp. All rights reserved.                                        
             - */
   5          /*                                                                                                        
             - */
   6          /*--------------------------------------------------------------------------------------------------------
             --*/
   7          #include "numicro_8051.h"
   8          
   9          /****************************************************************/
  10          void Spi_Write_Byte(uint8_t u8SpiWB)
  11          {
  12   1          SPDR = u8SpiWB;
  13   1          while(!(SPSR&0x80));
  14   1          clr_SPSR_SPIF;
  15   1      }
  16          /****************************************************************/
  17          uint8_t Spi_Read_Byte(uint8_t u8SpiWB)
  18          {
  19   1          uint8_t u8SpiRB;
  20   1          SPDR = u8SpiWB;
  21   1          while(!(SPSR&0x80));
  22   1          u8SpiRB = SPDR;
  23   1          clr_SPSR_SPIF;
  24   1          return u8SpiRB;
  25   1      }


MODULE INFORMATION:   STATIC OVERLAYABLE
   CODE SIZE        =     24    ----
   CONSTANT SIZE    =   ----    ----
   XDATA SIZE       =   ----    ----
   PDATA SIZE       =   ----    ----
   DATA SIZE        =   ----    ----
   IDATA SIZE       =   ----    ----
   BIT SIZE         =   ----    ----
   EDATA SIZE       =   ----    ----
   HDATA SIZE       =   ----    ----
   XDATA CONST SIZE =   ----    ----
   FAR CONST SIZE   =   ----    ----
END OF MODULE INFORMATION.


C51 COMPILATION COMPLETE.  0 WARNING(S),  0 ERROR(S)
