C51 COMPILER V9.60.0.0   MAIN                                                              06/25/2024 11:41:55 PAGE 1   


C51 COMPILER V9.60.0.0, COMPILATION OF MODULE MAIN
OBJECT MODULE PLACED IN .\Output\main.obj
COMPILER INVOKED BY: C:\Keil_v5\C51\BIN\C51.EXE ..\main.c LARGE OMF2 OPTIMIZE(7,SPEED) BROWSE INCDIR(..\..\..\..\Library
                    -\Device\Include;..\..\..\..\Library\StdDriver\inc;..\Include) DEBUG PRINT(.\lst\main.lst) TABS(2) OBJECT(.\Output\main.o
                    -bj)

line level    source

   1          /*--------------------------------------------------------------------------------------------------------
             --*/
   2          /*                                                                                                        
             - */
   3          /* SPDX-License-Identifier: Apache-2.0                                                                    
             - */
   4          /* Copyright(c) 2024 Nuvoton Technology Corp. All rights reserved.                                        
             - */
   5          /*                                                                                                        
             - */
   6          /*--------------------------------------------------------------------------------------------------------
             --*/
   7          #include "numicro_8051.h"
   8          #include "sprom.h"
   9          
  10          void main (void) 
  11          {
  12   1          MODIFY_HIRC(HIRC_24);
  13   1          Enable_UART0_VCOM_printf_24M_115200();
  14   1          
  15   1          ENABLE_SPROM;             //Enable SPROM memory mapping only for check SPROM in memory window
  16   1      
  17   1      #if defined __C51__
  18   1          printf ("\n protect bit is 0x%bX", lockdata);
  19   1      #elif defined __ICC8051__
                  printf ("\n protect bit is 0x%hx", lockdata);
              #elif defined __SDCC__
                  printf ("\n protect bit is 0x%hx", lockdata);
              #endif
  24   1      
  25   1          while(1)
  26   1          {
  27   2            SPROM_CODE();
  28   2      #if defined __C51__
  29   2            printf ("\n SPTEMP= 0x%bX", SPTEMP);
  30   2      #elif defined __ICC8051__
                    printf ("\n SPTEMP= 0x%hx", SPTEMP);
              #elif defined __SDCC__
                    printf ("\n SPTEMP= 0x%hx", SPTEMP);
              #endif
  35   2      
  36   2            Timer0_Delay(24000000,300,1000);
  37   2          }
  38   1      }


MODULE INFORMATION:   STATIC OVERLAYABLE
   CODE SIZE        =     97    ----
   CONSTANT SIZE    =     39    ----
   XDATA SIZE       =   ----    ----
   PDATA SIZE       =   ----    ----
   DATA SIZE        =   ----    ----
   IDATA SIZE       =   ----    ----
C51 COMPILER V9.60.0.0   MAIN                                                              06/25/2024 11:41:55 PAGE 2   

   BIT SIZE         =   ----    ----
   EDATA SIZE       =   ----    ----
   HDATA SIZE       =   ----    ----
   XDATA CONST SIZE =   ----    ----
   FAR CONST SIZE   =   ----    ----
END OF MODULE INFORMATION.


C51 COMPILATION COMPLETE.  0 WARNING(S),  0 ERROR(S)
