C51 COMPILER V9.60.0.0   PROTECTBIT                                                        06/25/2024 11:41:55 PAGE 1   


C51 COMPILER V9.60.0.0, COMPILATION OF MODULE PROTECTBIT
OBJECT MODULE PLACED IN .\Output\protectbit.obj
COMPILER INVOKED BY: C:\Keil_v5\C51\BIN\C51.EXE ..\protectbit.c LARGE OMF2 OPTIMIZE(7,SPEED) BROWSE INCDIR(..\..\..\..\L
                    -ibrary\Device\Include;..\..\..\..\Library\StdDriver\inc;..\Include) DEBUG PRINT(.\lst\protectbit.lst) TABS(2) OBJECT(.\O
                    -utput\protectbit.obj)

line level    source

   1          /*--------------------------------------------------------------------------------------------------------
             --*/
   2          /*                                                                                                        
             - */
   3          /* SPDX-License-Identifier: Apache-2.0                                                                    
             - */
   4          /* Copyright(c) 2024 Nuvoton Technology Corp. All rights reserved.                                        
             - */
   5          /*                                                                                                        
             - */
   6          /*--------------------------------------------------------------------------------------------------------
             --*/
   7          #include "numicro_8051.h"
   8          
   9          #if defined __C51__
  10          uint8_t code lockdata [] = { 
  11              0xFF                        /* This byte as 0xFF means unlock SPROM. Any other value is lock*/
  12          //    0X00                      /* Define this value is lock*/
  13          };
  14          
  15          #elif defined __ICC8051__
              __code const char lockdata@0xFFFF = 0xFF;    /* This byte as 0xFF means unlock SPROM. Any other value is l
             -ock*/
              // __code const char lockdata@0xFFFF = 0x00; /* Define this value is lock*/
              
              #elif defined __SDCC__
              uint8_t __code lockdata [] = {
                  0xFF                        /* This byte as 0xFF means unlock SPROM. Any other value is lock*/
              //    0X00                      /* Define this value is lock*/
              };
              
              #endif
  26           
  27          
  28          
  29          
  30          


MODULE INFORMATION:   STATIC OVERLAYABLE
   CODE SIZE        =   ----    ----
   CONSTANT SIZE    =      1    ----
   XDATA SIZE       =   ----    ----
   PDATA SIZE       =   ----    ----
   DATA SIZE        =   ----    ----
   IDATA SIZE       =   ----    ----
   BIT SIZE         =   ----    ----
   EDATA SIZE       =   ----    ----
   HDATA SIZE       =   ----    ----
   XDATA CONST SIZE =   ----    ----
   FAR CONST SIZE   =   ----    ----
END OF MODULE INFORMATION.


C51 COMPILATION COMPLETE.  0 WARNING(S),  0 ERROR(S)
