C51 COMPILER V9.60.0.0   MAIN                                                              03/12/2025 14:04:55 PAGE 1   


C51 COMPILER V9.60.0.0, COMPILATION OF MODULE MAIN
OBJECT MODULE PLACED IN .\Output\main.obj
COMPILER INVOKED BY: C:\Keil_v5\C51\BIN\C51.EXE ..\main.c LARGE OMF2 OPTIMIZE(7,SPEED) BROWSE INCDIR(..\..\..\..\Library
                    -\Device\Include;..\..\..\..\Library\StdDriver\inc) DEBUG PRINT(.\LST\main.lst) TABS(2) OBJECT(.\Output\main.obj)

line level    source

   1          /*--------------------------------------------------------------------------------------------------------
             --*/
   2          /*                                                                                                        
             - */
   3          /* SPDX-License-Identifier: Apache-2.0                                                                    
             - */
   4          /* Copyright(c) 2023 Nuvoton Technology Corp. All rights reserved.                                        
             - */
   5          /*                                                                                                        
             - */
   6          /*--------------------------------------------------------------------------------------------------------
             --*/
   7          #include "numicro_8051.h"
   8          
   9          
  10          /******************************
  11            * @brief     Main loop.
  12            * @param[in] None.
  13            * @return    None.
  14          ******************************/
  15          void main(void)
  16          {
  17   1        uint8_t ct;
  18   1      
  19   1      /* Modify HIRC to 24MHz for UART printf function only */
  20   1          MODIFY_HIRC(HIRC_24);
  21   1          Enable_UART0_VCOM_printf_24M_115200();
  22   1      
  23   1          Read_UID();
  24   1          printf ("\n\r MG51 UID = ");
  25   1          for(ct=0;ct<12;ct++)
  26   1          {
  27   2      #if defined __C51__
  28   2              printf ("\r 0x%bX",UIDBuffer[ct]);
  29   2      #elif defined __ICC8051__
                      printf ("\r 0x%hX",UIDBuffer[ct]);
              #elif defined __SDCC__
                      printf (" 0x%hX",UIDBuffer[ct]);
              #endif
  34   2      
  35   2          }
  36   1        
  37   1          while(1);
  38   1      
  39   1      
  40   1      }


MODULE INFORMATION:   STATIC OVERLAYABLE
   CODE SIZE        =     74    ----
   CONSTANT SIZE    =     23    ----
   XDATA SIZE       =   ----       1
   PDATA SIZE       =   ----    ----
   DATA SIZE        =   ----    ----
C51 COMPILER V9.60.0.0   MAIN                                                              03/12/2025 14:04:55 PAGE 2   

   IDATA SIZE       =   ----    ----
   BIT SIZE         =   ----    ----
   EDATA SIZE       =   ----    ----
   HDATA SIZE       =   ----    ----
   XDATA CONST SIZE =   ----    ----
   FAR CONST SIZE   =   ----    ----
END OF MODULE INFORMATION.


C51 COMPILATION COMPLETE.  0 WARNING(S),  0 ERROR(S)
