C51 COMPILER V9.60.0.0   MAIN                                                              06/25/2024 11:41:59 PAGE 1   


C51 COMPILER V9.60.0.0, COMPILATION OF MODULE MAIN
OBJECT MODULE PLACED IN .\Output\main.obj
COMPILER INVOKED BY: C:\Keil_v5\C51\BIN\C51.EXE ..\main.c LARGE OMF2 OPTIMIZE(8,SPEED) BROWSE INCDIR(..\..\..\..\Library
                    -\Device\Include;..\..\..\..\Library\StdDriver\inc) DEBUG PRINT(.\lst\main.lst) TABS(2) OBJECT(.\Output\main.obj)

line level    source

   1          /*--------------------------------------------------------------------------------------------------------
             --*/
   2          /*                                                                                                        
             - */
   3          /* SPDX-License-Identifier: Apache-2.0                                                                    
             - */
   4          /* Copyright(c) 2024 Nuvoton Technology Corp. All rights reserved.                                        
             - */
   5          /*                                                                                                        
             - */
   6          /*--------------------------------------------------------------------------------------------------------
             --*/
   7          #include "numicro_8051.h"
   8          
   9          #if defined __C51__
  10          void Timer0_ISR (void) interrupt 1              // vector=0x0B 
  11          
  12          #elif defined __ICC8051__
              #pragma vector=0x0B                             // Interrupt 1 
              __interrupt void Timer0_ISR(void)
              
              #elif defined __SDCC__
              void Timer0_ISR (void) __interrupt (1)          // vector=0x0B
              #endif
  19          {
  20   1          SFRS_TMP = SFRS;              /* for SFRS page */
  21   1          SFRS = 0;
  22   1      /* following setting for reload Timer 0 counter */
  23   1          TH0 = TH0TMP;
  24   1          TL0 = TL0TMP;
  25   1      /* following clear flag for next interrupt */
  26   1          clr_TCON_TF0;
  27   1          GPIO_LED ^= 1;
  28   1          if (SFRS_TMP)                 /* for SFRS page */
  29   1          {
  30   2            ENABLE_SFR_PAGE1;
  31   2          }
  32   1      }
  33          
  34          
  35          /******************************
  36            * @brief     Main loop.
  37            * @param[in] None.
  38            * @return    None.
  39          ******************************/
  40          void main (void)
  41          {
  42   1      
  43   1          MODIFY_HIRC(HIRC_24);
  44   1          GPIO_LED_QUASI_MODE;
  45   1      
  46   1          Timer0_AutoReload_Interrupt_Initial(24,32000);
  47   1          ENABLE_GLOBAL_INTERRUPT;
  48   1      
C51 COMPILER V9.60.0.0   MAIN                                                              06/25/2024 11:41:59 PAGE 2   

  49   1          while(1);
  50   1      }
  51          


MODULE INFORMATION:   STATIC OVERLAYABLE
   CODE SIZE        =     84    ----
   CONSTANT SIZE    =   ----    ----
   XDATA SIZE       =   ----    ----
   PDATA SIZE       =   ----    ----
   DATA SIZE        =   ----    ----
   IDATA SIZE       =   ----    ----
   BIT SIZE         =   ----    ----
   EDATA SIZE       =   ----    ----
   HDATA SIZE       =   ----    ----
   XDATA CONST SIZE =   ----    ----
   FAR CONST SIZE   =   ----    ----
END OF MODULE INFORMATION.


C51 COMPILATION COMPLETE.  0 WARNING(S),  0 ERROR(S)
