C51 COMPILER V9.60.0.0   MAIN                                                              06/25/2024 11:40:24 PAGE 1   


C51 COMPILER V9.60.0.0, COMPILATION OF MODULE MAIN
OBJECT MODULE PLACED IN .\Output\main.obj
COMPILER INVOKED BY: C:\Keil_v5\C51\BIN\C51.EXE ..\main.c LARGE OMF2 OPTIMIZE(7,SPEED) BROWSE INCDIR(..\..\..\..\Library
                    -\Device\Include;..\..\..\..\Library\StdDriver\inc) DEBUG PRINT(.\LST\main.lst) TABS(2) OBJECT(.\Output\main.obj)

line level    source

   1          /*--------------------------------------------------------------------------------------------------------
             --*/
   2          /*                                                                                                        
             - */
   3          /* SPDX-License-Identifier: Apache-2.0                                                                    
             - */
   4          /* Copyright(c) 2024 Nuvoton Technology Corp. All rights reserved.                                        
             - */
   5          /*                                                                                                        
             - */
   6          /*--------------------------------------------------------------------------------------------------------
             --*/
   7          #include "numicro_8051.h"
   8          
   9          
  10          
  11          void main(void)
  12          {
  13   1        
  14   1       /* Note
  15   1             MCU power on system clock is HIRC (16.0000MHz), if need change Fsys source pleaes copy hange system
             - closk source demo
  16   1      */
  17   1      
  18   1          P11_PUSHPULL_MODE;                    /* P11 CLKO pin setting push pull mode to check output. */
  19   1          set_CKCON_CLOEN;                                  //System Clock Output Enable
  20   1      /* Note */ 
  21   1      /* Each time modify the HIRC must do re-power on process to confirm HIRC modified. */
  22   1      
  23   1      #if 1
  24   1      /* 16MHz HIRC clock out demo */
  25   1          MODIFY_HIRC(HIRC_166);
  26   1          CKDIV = 80;     /* Divider *2 */
  27   1      #else 
              /* 24MHz HIRC clock out demo */
                  MODIFY_HIRC(HIRC_24);
                  CKDIV = 120    /* Divider *2 */
              #endif
  32   1      /*Please measure P1.1 (CLKO) pin for system clock output, it should as system clock;    */
  33   1          while(1);
  34   1      
  35   1      }
  36          


MODULE INFORMATION:   STATIC OVERLAYABLE
   CODE SIZE        =     20    ----
   CONSTANT SIZE    =   ----    ----
   XDATA SIZE       =   ----    ----
   PDATA SIZE       =   ----    ----
   DATA SIZE        =   ----    ----
   IDATA SIZE       =   ----    ----
   BIT SIZE         =   ----    ----
   EDATA SIZE       =   ----    ----
C51 COMPILER V9.60.0.0   MAIN                                                              06/25/2024 11:40:24 PAGE 2   

   HDATA SIZE       =   ----    ----
   XDATA CONST SIZE =   ----    ----
   FAR CONST SIZE   =   ----    ----
END OF MODULE INFORMATION.


C51 COMPILATION COMPLETE.  0 WARNING(S),  0 ERROR(S)
