C51 COMPILER V9.60.0.0   MAIN                                                              06/25/2024 11:42:13 PAGE 1   


C51 COMPILER V9.60.0.0, COMPILATION OF MODULE MAIN
OBJECT MODULE PLACED IN .\Output\main.obj
COMPILER INVOKED BY: C:\Keil_v5\C51\BIN\C51.EXE ..\main.c LARGE OMF2 OPTIMIZE(8,SPEED) BROWSE INCDIR(..\..\..\..\Library
                    -\Device\Include;..\..\..\..\Library\StdDriver\inc) DEBUG PRINT(.\lst\main.lst) TABS(2) OBJECT(.\Output\main.obj)

line level    source

   1          /*--------------------------------------------------------------------------------------------------------
             --*/
   2          /*                                                                                                        
             - */
   3          /* SPDX-License-Identifier: Apache-2.0                                                                    
             - */
   4          /* Copyright(c) 2024 Nuvoton Technology Corp. All rights reserved.                                        
             - */
   5          /*                                                                                                        
             - */
   6          /*--------------------------------------------------------------------------------------------------------
             --*/
   7          #include "numicro_8051.h"
   8          
   9          /******************************
  10            * @brief     Timer3 interrupt vector.
  11            * @param[in] None.
  12            * @return    None.
  13          ******************************/
  14          #if defined __C51__
  15          void Timer3_ISR(void)     interrupt  16
  16          
  17          #elif defined __ICC8051__
              #pragma vector=0x83                             /* interrupt 16 */
              __interrupt void Timer3_ISR(void)
              
              #elif defined __SDCC__
              void Timer3_ISR(void)   __interrupt  (16)
              #endif
  24          {
  25   1        
  26   1          SFRS_TMP = SFRS;              /* for SFRS page */
  27   1      
  28   1          clr_T3CON_TF3;
  29   1          GPIO_LED ^= 1;
  30   1      
  31   1          if (SFRS_TMP)                 /* for SFRS page */
  32   1          {
  33   2            ENABLE_SFR_PAGE1;
  34   2          }
  35   1      }
  36          
  37          /******************************
  38            * @brief     Main loop.
  39            * @param[in] None.
  40            * @return    None.
  41          ******************************/
  42          void main (void)
  43          {
  44   1          GPIO_LED_QUASI_MODE;
  45   1      
  46   1          Timer3_AutoReload_Interrupt_Initial(24,64000);
  47   1          ENABLE_GLOBAL_INTERRUPT;
  48   1      
C51 COMPILER V9.60.0.0   MAIN                                                              06/25/2024 11:42:13 PAGE 2   

  49   1          while(1);
  50   1      }
  51          


MODULE INFORMATION:   STATIC OVERLAYABLE
   CODE SIZE        =     90    ----
   CONSTANT SIZE    =   ----    ----
   XDATA SIZE       =   ----    ----
   PDATA SIZE       =   ----    ----
   DATA SIZE        =   ----    ----
   IDATA SIZE       =   ----    ----
   BIT SIZE         =   ----    ----
   EDATA SIZE       =   ----    ----
   HDATA SIZE       =   ----    ----
   XDATA CONST SIZE =   ----    ----
   FAR CONST SIZE   =   ----    ----
END OF MODULE INFORMATION.


C51 COMPILATION COMPLETE.  0 WARNING(S),  0 ERROR(S)
