C51 COMPILER V9.60.0.0   MAIN                                                              03/12/2025 14:04:41 PAGE 1   


C51 COMPILER V9.60.0.0, COMPILATION OF MODULE MAIN
OBJECT MODULE PLACED IN .\Output\main.obj
COMPILER INVOKED BY: C:\Keil_v5\C51\BIN\C51.EXE ..\main.c LARGE OMF2 OPTIMIZE(4,SPEED) BROWSE INCDIR(..\..\..\..\Library
                    -\Device\Include;..\..\..\..\Library\StdDriver\inc) DEBUG PRINT(.\lst\main.lst) TABS(2) OBJECT(.\Output\main.obj)

line level    source

   1          /*--------------------------------------------------------------------------------------------------------
             --*/
   2          /*                                                                                                        
             - */
   3          /* SPDX-License-Identifier: Apache-2.0                                                                    
             - */
   4          /* Copyright(c) 2023 Nuvoton Technology Corp. All rights reserved.                                        
             - */
   5          /*                                                                                                        
             - */
   6          /*--------------------------------------------------------------------------------------------------------
             --*/
   7          #include "numicro_8051.h"
   8          
   9          struct
  10          {
  11              uint16_t a;
  12              uint32_t b;
  13              uint8_t  c;
  14          
  15          } StructData;
  16          
  17          uint8_t ArrayData[50];
  18          uint8_t i;
  19          
  20          /**
  21           * @brief       IAP program dataflash as EEPROM
  22           * @param       None
  23           * @return      None
  24           * @details     define dataflash need be modify address and value,
  25           */
  26          
  27          void main(void)
  28          {
  29   1          uint16_t system16highsite;
  30   1        
  31   1      /* UART0 initial setting
  32   1        * include sys.c in Library for modify HIRC value to 24MHz
  33   1        * include uart.c in Library for UART initial setting
  34   1      */
  35   1          MODIFY_HIRC(HIRC_24);
  36   1          Enable_UART0_VCOM_printf_24M_115200();
  37   1          printf ("\n\r Toggle P05 Test start ...");
  38   1      
  39   1        /*loop here while P46 = 1; */
  40   1          GPIO_LED_QUASI_MODE;
  41   1          while (GPIO_LED);
  42   1      
  43   1        /** IAP program APROM as EEPROM way * include eeprom.c in Library       */
  44   1          for (i = 0; i < 50; i++)
  45   1          {
  46   2              ArrayData[i] = i;
  47   2          }
  48   1          StructData.a=0xA1A2;
C51 COMPILER V9.60.0.0   MAIN                                                              03/12/2025 14:04:41 PAGE 2   

  49   1          StructData.b=0xA3A4A5A6;
  50   1          StructData.c=0xA7;
  51   1      
  52   1          if (Write_SPROM_DATAFLASH_ARRAY(1, ArrayData, 50) == 0 ) //write 50 bytes
  53   1          {
  54   2              printf ("\n\r  SPROM R/W array pass \n\r");
  55   2          }
  56   1          else
  57   1          {
  58   2              printf ("\n\r write SPROM error !!! \n\r");
  59   2          }
  60   1          
  61   1          if (Write_SPROM_DATAFLASH_ARRAY(0x10, (uint8_t *)&StructData, sizeof(StructData)) == 0)
  62   1          {
  63   2              printf ("\n\r  SPROM R/W sturcture data pass \n\r");
  64   2          }
  65   1          else
  66   1          {
  67   2              printf ("\n\r write SPROM error !!! \n\r");
  68   2          }
  69   1      
  70   1          /*call read byte */
  71   1      #if defined __C51__
  72   1          system16highsite = (Read_SPROM_BYTE((uint8_t code *)0x16) << 8)+ Read_SPROM_BYTE((uint8_t code *)0x17)
             -;
  73   1      #elif defined __ICC8051__
                  system16highsite = (Read_SPROM_BYTE((uint8_t __code *)0x16) << 8)+ Read_SPROM_BYTE((uint8_t __code *)0
             -x17);
              #elif defined __SDCC__
                  system16highsite = (Read_SPROM_BYTE((uint8_t __code *)0x16) << 8)+ Read_SPROM_BYTE((uint8_t __code *)0
             -x17);
              #endif
  78   1      
  79   1          printf("\n\r SPROM 0x16+0x17 Value = 0x%X", system16highsite);
  80   1      
  81   1          while (1);
  82   1      }
  83          
  84          
  85          


MODULE INFORMATION:   STATIC OVERLAYABLE
   CODE SIZE        =    226    ----
   CONSTANT SIZE    =    154    ----
   XDATA SIZE       =     58    ----
   PDATA SIZE       =   ----    ----
   DATA SIZE        =   ----    ----
   IDATA SIZE       =   ----    ----
   BIT SIZE         =   ----    ----
   EDATA SIZE       =   ----    ----
   HDATA SIZE       =   ----    ----
   XDATA CONST SIZE =   ----    ----
   FAR CONST SIZE   =   ----    ----
END OF MODULE INFORMATION.


C51 COMPILATION COMPLETE.  0 WARNING(S),  0 ERROR(S)
