C51 COMPILER V9.60.0.0   MAIN                                                              06/25/2024 11:39:51 PAGE 1   


C51 COMPILER V9.60.0.0, COMPILATION OF MODULE MAIN
OBJECT MODULE PLACED IN .\Output\main.obj
COMPILER INVOKED BY: C:\Keil_v5\C51\BIN\C51.EXE ..\main.c LARGE OMF2 OPTIMIZE(7,SPEED) BROWSE INCDIR(..\..\..\..\Library
                    -\Device\Include;..\..\..\..\Library\StdDriver\inc) DEBUG PRINT(.\lst\main.lst) TABS(2) OBJECT(.\Output\main.obj)

line level    source

   1          /*--------------------------------------------------------------------------------------------------------
             --*/
   2          /*                                                                                                        
             - */
   3          /* SPDX-License-Identifier: Apache-2.0                                                                    
             - */
   4          /* Copyright(c) 2024 Nuvoton Technology Corp. All rights reserved.                                        
             - */
   5          /*                                                                                                        
             - */
   6          /*--------------------------------------------------------------------------------------------------------
             --*/
   7          #include "numicro_8051.h"
   8          
   9          /******************************
  10            * @brief     Main loop.
  11            * @param[in] None.
  12            * @return    None.
  13          ******************************/
  14          void main (void)
  15          {
  16   1          /* Initial UART0 for pVrintf */
  17   1          MODIFY_HIRC(HIRC_24);
  18   1          Enable_UART0_VCOM_printf_24M_115200();
  19   1          printf ("\n ADC compare mode for MG51 test start... ");
  20   1      
  21   1          ENABLE_ADC_AIN4;
  22   1          clr_ADCCON0_ADCF;
  23   1          /* ADC Sampling time setting*/
  24   1          ADC_ConvertTime(ADC_ADCDIV2,ADC_ADCAQT5);
  25   1        
  26   1          /*Enable ADC comapre value*/
  27   1          ADC_ComapreMode(ENABLE,0x03FF);
  28   1          clr_ADCCON0_ADCF;
  29   1          set_ADCCON0_ADCS; // ADC start trig signal
  30   1      
  31   1          while(1)
  32   1          {
  33   2              if (ADCF)
  34   2              {
  35   3                printf ("\n MG51 ADC compare value same as setting");
  36   3                clr_ADCCON0_ADCF;
  37   3                set_ADCCON0_ADCS;
  38   3              }
  39   2              else
  40   2              {
  41   3                 if (ADCCON2&SET_BIT4)
  42   3                 {
  43   4                    printf ("\n ADC value greater than comapre setting"); 
  44   4                 }
  45   3                 else if (!(ADCCON2&SET_BIT4))
  46   3                 {
  47   4                    printf ("\n ADC value less than comapre setting"); 
  48   4                 }
C51 COMPILER V9.60.0.0   MAIN                                                              06/25/2024 11:39:51 PAGE 2   

  49   3              }
  50   2              Timer0_Delay(24000000,500,1000);
  51   2          }
  52   1      
  53   1      }
  54          
  55          
  56          
  57          


MODULE INFORMATION:   STATIC OVERLAYABLE
   CODE SIZE        =    271    ----
   CONSTANT SIZE    =    163    ----
   XDATA SIZE       =   ----    ----
   PDATA SIZE       =   ----    ----
   DATA SIZE        =   ----    ----
   IDATA SIZE       =   ----    ----
   BIT SIZE         =   ----    ----
   EDATA SIZE       =   ----    ----
   HDATA SIZE       =   ----    ----
   XDATA CONST SIZE =   ----    ----
   FAR CONST SIZE   =   ----    ----
END OF MODULE INFORMATION.


C51 COMPILATION COMPLETE.  0 WARNING(S),  0 ERROR(S)
