C51 COMPILER V9.60.0.0   MAIN                                                              03/12/2025 14:05:47 PAGE 1   


C51 COMPILER V9.60.0.0, COMPILATION OF MODULE MAIN
OBJECT MODULE PLACED IN .\Output\main.obj
COMPILER INVOKED BY: C:\Keil_v5\C51\BIN\C51.EXE ..\main.c LARGE OMF2 OPTIMIZE(8,SPEED) BROWSE INCDIR(..\..\..\..\Library
                    -\Device\Include;..\..\..\..\Library\StdDriver\inc) DEBUG PRINT(.\lst\main.lst) TABS(2) OBJECT(.\Output\main.obj)

line level    source

   1          /*--------------------------------------------------------------------------------------------------------
             --*/
   2          /*                                                                                                        
             - */
   3          /* SPDX-License-Identifier: Apache-2.0                                                                    
             - */
   4          /* Copyright(c) 2023 Nuvoton Technology Corp. All rights reserved.                                        
             - */
   5          /*                                                                                                        
             - */
   6          /*--------------------------------------------------------------------------------------------------------
             --*/
   7          #include "numicro_8051.h"
   8          
   9          
  10          #if defined __C51__
  11          void Timer2_ISR(void)  interrupt 5
  12          #elif defined __ICC8051__
              #pragma vector=0x2B                             /* interrupt 5 */
              __interrupt void Timer2_ISR(void)
              #elif defined __SDCC__
              void Timer2_ISR(void)  __interrupt (5)
              #endif
  18          {
  19   1          SFRS_TMP = SFRS;              /* for SFRS page */
  20   1        
  21   1          clr_T2CON_TF2;
  22   1          GPIO_LED ^= 1;
  23   1        
  24   1          if (SFRS_TMP)                 /* for SFRS page */
  25   1          {
  26   2            ENABLE_SFR_PAGE1;
  27   2          }
  28   1      }
  29          /*********************************************************************************************************
             -***/
  30          /* FUNCTION_PURPOSE: Main Loop                                                                            
             -  */
  31          /*********************************************************************************************************
             -***/
  32          void main (void)
  33          {
  34   1          GPIO_LED_QUASI_MODE;
  35   1      
  36   1          Timer2_AutoReload_Interrupt_Initial(24,640000);
  37   1          ENABLE_GLOBAL_INTERRUPT;
  38   1      
  39   1          while(1);
  40   1      }
  41          


MODULE INFORMATION:   STATIC OVERLAYABLE
   CODE SIZE        =     70    ----
C51 COMPILER V9.60.0.0   MAIN                                                              03/12/2025 14:05:47 PAGE 2   

   CONSTANT SIZE    =   ----    ----
   XDATA SIZE       =   ----    ----
   PDATA SIZE       =   ----    ----
   DATA SIZE        =   ----    ----
   IDATA SIZE       =   ----    ----
   BIT SIZE         =   ----    ----
   EDATA SIZE       =   ----    ----
   HDATA SIZE       =   ----    ----
   XDATA CONST SIZE =   ----    ----
   FAR CONST SIZE   =   ----    ----
END OF MODULE INFORMATION.


C51 COMPILATION COMPLETE.  0 WARNING(S),  0 ERROR(S)
