C51 COMPILER V9.60.0.0   MAIN                                                              03/12/2025 14:03:41 PAGE 1   


C51 COMPILER V9.60.0.0, COMPILATION OF MODULE MAIN
OBJECT MODULE PLACED IN .\Output\main.obj
COMPILER INVOKED BY: C:\Keil_v5\C51\BIN\C51.EXE ..\main.c LARGE OMF2 OPTIMIZE(1,SPEED) BROWSE INCDIR(..\..\..\..\Library
                    -\Device\Include;..\..\..\..\Library\StdDriver\inc) DEBUG PRINT(.\LST\main.lst) TABS(2) OBJECT(.\Output\main.obj)

line level    source

   1          /*--------------------------------------------------------------------------------------------------------
             --*/
   2          /*                                                                                                        
             - */
   3          /* SPDX-License-Identifier: Apache-2.0                                                                    
             - */
   4          /* Copyright(c) 2023 Nuvoton Technology Corp. All rights reserved.                                        
             - */
   5          /*                                                                                                        
             - */
   6          /*--------------------------------------------------------------------------------------------------------
             --*/
   7          #include "numicro_8051.h"
   8          
   9          BIT bodflag;
  10          
  11          #if defined __C51__
  12          void BOD_ISR (void) interrupt 8
  13          
  14          #elif defined __ICC8051__
              #pragma vector=0x43
              __interrupt void BOD_ISR(void)
              
              #elif defined __SDCC__
              void BOD_ISR (void) __interrupt (8)           // Vector @  0x43
              #endif
  21          {
  22   1          SFRS_TMP = SFRS;              /* for SFRS page */
  23   1      
  24   1          clr_BODCON0_BOF;
  25   1          bodflag=1;
  26   1      
  27   1          if (SFRS_TMP)                 /* for SFRS page */
  28   1          {
  29   2            ENABLE_SFR_PAGE1;
  30   2          }
  31   1      }
  32          
  33          
  34          //----------------------------------------------------------------------------------------------//
  35          void main (void)
  36          {
  37   1      /* As defaut all multi function define as GPIO */ 
  38   1          MODIFY_HIRC(HIRC_24);
  39   1          Enable_UART0_VCOM_printf_24M_115200();
  40   1          printf ("\n Test start ...");
  41   1      
  42   1          BOD_Open(Enable, VBOD_2_7, BOD_Reset_Disable);
  43   1          BOD_LowPower(LPBOD_Mode_3);
  44   1          BOD_Interrupt_Enable(Enable);
  45   1          ENABLE_GLOBAL_INTERRUPT;
  46   1          while(1)
  47   1          {
  48   2             if (bodflag)
C51 COMPILER V9.60.0.0   MAIN                                                              03/12/2025 14:03:41 PAGE 2   

  49   2             {
  50   3               bodflag = 0;
  51   3                 printf ("\n BOD interrupt! ");
  52   3      
  53   3             }
  54   2        }
  55   1      }
  56          
  57          


MODULE INFORMATION:   STATIC OVERLAYABLE
   CODE SIZE        =    114    ----
   CONSTANT SIZE    =     35    ----
   XDATA SIZE       =   ----    ----
   PDATA SIZE       =   ----    ----
   DATA SIZE        =   ----    ----
   IDATA SIZE       =   ----    ----
   BIT SIZE         =      1    ----
   EDATA SIZE       =   ----    ----
   HDATA SIZE       =   ----    ----
   XDATA CONST SIZE =   ----    ----
   FAR CONST SIZE   =   ----    ----
END OF MODULE INFORMATION.


C51 COMPILATION COMPLETE.  0 WARNING(S),  0 ERROR(S)
