C51 COMPILER V9.60.0.0   MAIN                                                              06/25/2024 11:39:47 PAGE 1   


C51 COMPILER V9.60.0.0, COMPILATION OF MODULE MAIN
OBJECT MODULE PLACED IN .\Output\main.obj
COMPILER INVOKED BY: C:\Keil_v5\C51\BIN\C51.EXE ..\main.c LARGE OMF2 OPTIMIZE(7,SPEED) BROWSE INCDIR(..\..\..\..\Library
                    -\Device\Include;..\..\..\..\Library\StdDriver\inc) DEBUG PRINT(.\LST\main.lst) TABS(2) OBJECT(.\Output\main.obj)

line level    source

   1          /*--------------------------------------------------------------------------------------------------------
             --*/
   2          /*                                                                                                        
             - */
   3          /* SPDX-License-Identifier: Apache-2.0                                                                    
             - */
   4          /* Copyright(c) 2024 Nuvoton Technology Corp. All rights reserved.                                        
             - */
   5          /*                                                                                                        
             - */
   6          /*--------------------------------------------------------------------------------------------------------
             --*/
   7          #include "numicro_8051.h"
   8          
   9          /******************************
  10            * @brief     Main loop.
  11            * @param[in] None.
  12            * @return    None.
  13          ******************************/
  14          void main (void)
  15          {
  16   1          /* Initial UART0 for pVrintf */
  17   1          MODIFY_HIRC(HIRC_166);
  18   1          P06_QUASI_MODE;
  19   1          UART_Open(16600000,UART0_Timer1,115200);
  20   1          ENABLE_UART0_PRINTF;
  21   1          printf ("\n ADC compare mode for N76S003 test start... ");
  22   1      
  23   1        
  24   1          ENABLE_ADC_AIN4;
  25   1      
  26   1          /*Enable ADC comapre value*/
  27   1          ADC_ComapreMode(ENABLE,0x3FF);
  28   1          clr_ADCCON0_ADCF;
  29   1          set_ADCCON0_ADCS; // ADC start trig signal
  30   1        
  31   1          while(1)
  32   1          {
  33   2               while (!ADCF);
  34   2               if (ADCCON2&SET_BIT4)
  35   2               {
  36   3                  printf ("\n ADC value greater than comapre setting"); 
  37   3               }
  38   2               else if (!(ADCCON2&SET_BIT4))
  39   2               {
  40   3                  printf ("\n ADC value less than comapre setting"); 
  41   3               }
  42   2               Timer0_Delay(24000000,500,1000);
  43   2               clr_ADCCON0_ADCF;
  44   2               set_ADCCON0_ADCS;
  45   2           }
  46   1      }
  47          
  48          
C51 COMPILER V9.60.0.0   MAIN                                                              06/25/2024 11:39:47 PAGE 2   

  49          
  50          


MODULE INFORMATION:   STATIC OVERLAYABLE
   CODE SIZE        =    264    ----
   CONSTANT SIZE    =    125    ----
   XDATA SIZE       =   ----    ----
   PDATA SIZE       =   ----    ----
   DATA SIZE        =   ----    ----
   IDATA SIZE       =   ----    ----
   BIT SIZE         =   ----    ----
   EDATA SIZE       =   ----    ----
   HDATA SIZE       =   ----    ----
   XDATA CONST SIZE =   ----    ----
   FAR CONST SIZE   =   ----    ----
END OF MODULE INFORMATION.


C51 COMPILATION COMPLETE.  0 WARNING(S),  0 ERROR(S)
