C51 COMPILER V9.60.0.0   MAIN                                                              06/25/2024 11:40:57 PAGE 1   


C51 COMPILER V9.60.0.0, COMPILATION OF MODULE MAIN
OBJECT MODULE PLACED IN .\Output\main.obj
COMPILER INVOKED BY: C:\Keil_v5\C51\BIN\C51.EXE ..\main.c LARGE OMF2 OPTIMIZE(7,SPEED) BROWSE INCDIR(..\..\..\..\Library
                    -\Device\Include;..\..\..\..\Library\StdDriver\inc) DEBUG PRINT(.\LST\main.lst) TABS(2) OBJECT(.\Output\main.obj)

line level    source

   1          /*--------------------------------------------------------------------------------------------------------
             --*/
   2          /*                                                                                                        
             - */
   3          /* SPDX-License-Identifier: Apache-2.0                                                                    
             - */
   4          /* Copyright(c) 2024 Nuvoton Technology Corp. All rights reserved.                                        
             - */
   5          /*                                                                                                        
             - */
   6          /*--------------------------------------------------------------------------------------------------------
             --*/
   7          #include "numicro_8051.h"
   8          
   9          #define     DATA_START_ADDR     0x0000
  10          
  11          /******************************
  12            * @brief     Main loop.
  13            * @param[in] None.
  14            * @return    None.
  15          ******************************/
  16          void main (void) 
  17          {
  18   1          unsigned char i;
  19   1      
  20   1          MODIFY_HIRC(HIRC_24);
  21   1          Enable_UART0_VCOM_printf_24M_115200();
  22   1      
  23   1          printf ("\n CONFIG enable LDROM area first ...");
  24   1          printf ("\n Toggle P05 to low to start test ...");
  25   1      
  26   1          for (i=0;i<128;i++)
  27   1              IAPDataBuf[i]=i;
  28   1      
  29   1          GPIO_LED_QUASI_MODE;
  30   1          while(GPIO_LED);
  31   1      
  32   1          Erase_LDROM(DATA_START_ADDR,128);
  33   1          Erase_Verify_LDROM(DATA_START_ADDR,128);
  34   1          Program_LDROM(DATA_START_ADDR,128);
  35   1          Program_Verify_LDROM(DATA_START_ADDR,128);
  36   1      
  37   1          while(1);
  38   1      }
  39          //--------------------------------------------------------------------------------------------------------
             ----


MODULE INFORMATION:   STATIC OVERLAYABLE
   CODE SIZE        =    105    ----
   CONSTANT SIZE    =     75    ----
   XDATA SIZE       =   ----    ----
   PDATA SIZE       =   ----    ----
   DATA SIZE        =   ----    ----
C51 COMPILER V9.60.0.0   MAIN                                                              06/25/2024 11:40:57 PAGE 2   

   IDATA SIZE       =   ----    ----
   BIT SIZE         =   ----    ----
   EDATA SIZE       =   ----    ----
   HDATA SIZE       =   ----    ----
   XDATA CONST SIZE =   ----    ----
   FAR CONST SIZE   =   ----    ----
END OF MODULE INFORMATION.


C51 COMPILATION COMPLETE.  0 WARNING(S),  0 ERROR(S)
