C51 COMPILER V9.60.0.0   MAIN                                                              06/25/2024 11:40:14 PAGE 1   


C51 COMPILER V9.60.0.0, COMPILATION OF MODULE MAIN
OBJECT MODULE PLACED IN .\Output\main.obj
COMPILER INVOKED BY: C:\Keil_v5\C51\BIN\C51.EXE ..\main.c LARGE OMF2 OPTIMIZE(7,SPEED) BROWSE INCDIR(..\..\..\..\Library
                    -\Device\Include;..\..\..\..\Library\StdDriver\inc) DEBUG PRINT(.\LST\main.lst) TABS(2) OBJECT(.\Output\main.obj)

line level    source

   1          /*--------------------------------------------------------------------------------------------------------
             --*/
   2          /*                                                                                                        
             - */
   3          /* SPDX-License-Identifier: Apache-2.0                                                                    
             - */
   4          /* Copyright(c) 2024 Nuvoton Technology Corp. All rights reserved.                                        
             - */
   5          /*                                                                                                        
             - */
   6          /*--------------------------------------------------------------------------------------------------------
             --*/
   7          #include "numicro_8051.h"
   8          
   9          /* PLEASE first setting CONFIG P2.0 as notmal GPIO not reset pin*/ 
  10          void main(void)
  11          {
  12   1        P11_PUSHPULL_MODE;
  13   1        P12_PUSHPULL_MODE;
  14   1        set_CKCON_CLOEN;
  15   1      /* clock out about  100khz base on HIRC div 160 */
  16   1        CKDIV = 0X50;
  17   1        while (P20)
  18   1        {
  19   2          MODIFY_HIRC(HIRC_16);
  20   2          P12 = 1;
  21   2          Timer0_Delay(16000000,5,1000);
  22   2          P12 = 0;
  23   2          Timer0_Delay(16000000,5,1000);
  24   2        }
  25   1      /* HIRC modify to 24MHz  */
  26   1        MODIFY_HIRC(HIRC_24);
  27   1        while(1);
  28   1        
  29   1      }


MODULE INFORMATION:   STATIC OVERLAYABLE
   CODE SIZE        =     96    ----
   CONSTANT SIZE    =   ----    ----
   XDATA SIZE       =   ----    ----
   PDATA SIZE       =   ----    ----
   DATA SIZE        =   ----    ----
   IDATA SIZE       =   ----    ----
   BIT SIZE         =   ----    ----
   EDATA SIZE       =   ----    ----
   HDATA SIZE       =   ----    ----
   XDATA CONST SIZE =   ----    ----
   FAR CONST SIZE   =   ----    ----
END OF MODULE INFORMATION.


C51 COMPILATION COMPLETE.  0 WARNING(S),  0 ERROR(S)
