C51 COMPILER V9.60.0.0   WDT                                                               03/12/2025 14:06:14 PAGE 1   


C51 COMPILER V9.60.0.0, COMPILATION OF MODULE WDT
OBJECT MODULE PLACED IN .\Output\wdt.obj
COMPILER INVOKED BY: C:\Keil_v5\C51\BIN\C51.EXE ..\..\..\..\Library\StdDriver\src\wdt.c LARGE OMF2 OPTIMIZE(7,SPEED) BRO
                    -WSE INCDIR(..\..\..\..\Library\Device\Include;..\..\..\..\Library\StdDriver\inc) DEBUG PRINT(.\LST\wdt.lst) TABS(2) OBJE
                    -CT(.\Output\wdt.obj)

line level    source

   1          /*--------------------------------------------------------------------------------------------------------
             --*/
   2          /*                                                                                                        
             - */
   3          /* SPDX-License-Identifier: Apache-2.0                                                                    
             - */
   4          /* Copyright(c) 2022 Nuvoton Technology Corp. All rights reserved.                                        
             - */
   5          /*                                                                                                        
             - */
   6          /*--------------------------------------------------------------------------------------------------------
             --*/
   7          #include "numicro_8051.h"
   8          
   9          #if 0 
              /**
               * @brief       Watchdog time Interrupt Vector demo  
               * @param       none
               * @details     none
               * @note        none
               */
              void WDT_ISR (void)   interrupt 10
              {
                _push_(SFRS);
                  clr_WDCON_WDTF;
                _pop_(SFRS);
              }
              #endif
  23          
  24          /**
  25           * @brief       Watchdog time delay setting 
  26           * @param       u8WDTDIV WKT counter divider select  (1/4/8/16/32/64/128/256) 
  27           * @return      none
  28           * @details     none
  29           * @note        none
  30           * @example     WDT_Open(256);
  31           */
  32           void WDT_Open(uint16_t u8WDTDIV)
  33          {
  34   1          SFRS=0;
  35   1          BIT_TMP=EA;
  36   1          EA=0;
  37   1          switch (u8WDTDIV)
  38   1          {
  39   2              case 1: TA=0xAA;TA=0x55;WDCON&=0xF8; break;
  40   2              case 4: TA=0xAA;TA=0x55;WDCON&=0xF8;TA=0xAA;TA=0x55;WDCON|=0x01; break;
  41   2              case 8: TA=0xAA;TA=0x55;WDCON&=0xF8;TA=0xAA;TA=0x55;WDCON|=0x02; break;
  42   2              case 16: TA=0xAA;TA=0x55;WDCON&=0xF8;TA=0xAA;TA=0x55;WDCON|=0x03; break;
  43   2              case 32: TA=0xAA;TA=0x55;WDCON&=0xF8;TA=0xAA;TA=0x55;WDCON|=0x04; break;
  44   2              case 64: TA=0xAA;TA=0x55;WDCON&=0xF8;TA=0xAA;TA=0x55;WDCON|=0x05; break;
  45   2              case 128: TA=0xAA;TA=0x55;WDCON&=0xF8;TA=0xAA;TA=0x55;WDCON|=0x06; break;
  46   2              case 256: TA=0xAA;TA=0x55;WDCON&=0xF8;TA=0xAA;TA=0x55;WDCON|=0x07; break;
  47   2              default: break;
C51 COMPILER V9.60.0.0   WDT                                                               03/12/2025 14:06:14 PAGE 2   

  48   2          }
  49   1          EA = BIT_TMP;
  50   1          set_WDCON_WIDPD;
  51   1          set_WDCON_WDTR;
  52   1      }
  53          
  54          /**
  55           * @brief       Watchdog time interrupt setting 
  56           * @param       u8WDTINT (Enable/Disable) 
  57           * @return      none
  58           * @details     none
  59           * @note        none
  60           * @example      WDT_Interrupt(Enable);
  61           */
  62          void WDT_Interrupt(uint8_t u8WDTINT)
  63          {
  64   1          switch (u8WDTINT)
  65   1          {
  66   2              case Disable: clr_EIE_EWDT; break;    
  67   2              case Enable: set_EIE_EWDT; break;
  68   2          }
  69   1      }
  70          
  71          /**
  72           * @brief       Watchdog Clear Counter process
  73           * @param       none
  74           * @return      none
  75           * @details     none
  76           * @note        none
  77           * @example     WDT_Clear();
  78           */
  79          void WDT_Clear(void)
  80          {
  81   1            WDT_COUNTER_CLEAR;                  /* Clear WDT counter */ 
  82   1            while(WDCON&SET_BIT6);              /* Check for the WDT counter cleared */
  83   1      }


MODULE INFORMATION:   STATIC OVERLAYABLE
   CODE SIZE        =    284    ----
   CONSTANT SIZE    =   ----    ----
   XDATA SIZE       =   ----    ----
   PDATA SIZE       =   ----    ----
   DATA SIZE        =   ----    ----
   IDATA SIZE       =   ----    ----
   BIT SIZE         =   ----    ----
   EDATA SIZE       =   ----    ----
   HDATA SIZE       =   ----    ----
   XDATA CONST SIZE =   ----    ----
   FAR CONST SIZE   =   ----    ----
END OF MODULE INFORMATION.


C51 COMPILATION COMPLETE.  0 WARNING(S),  0 ERROR(S)
