C51 COMPILER V9.60.0.0   MAIN                                                              06/25/2024 11:41:37 PAGE 1   


C51 COMPILER V9.60.0.0, COMPILATION OF MODULE MAIN
OBJECT MODULE PLACED IN .\Output\main.obj
COMPILER INVOKED BY: C:\Keil_v5\C51\BIN\C51.EXE ..\main.c LARGE OMF2 OPTIMIZE(7,SPEED) BROWSE INCDIR(..\..\..\..\Library
                    -\Device\Include;..\..\..\..\Library\StdDriver\inc) DEFINE(FOSC_160000) DEBUG PRINT(.\LST\main.lst) TABS(2) OBJECT(.\Outp
                    -ut\main.obj)

line level    source

   1          /*--------------------------------------------------------------------------------------------------------
             --*/
   2          /*                                                                                                        
             - */
   3          /* SPDX-License-Identifier: Apache-2.0                                                                    
             - */
   4          /* Copyright(c) 2024 Nuvoton Technology Corp. All rights reserved.                                        
             - */
   5          /*                                                                                                        
             - */
   6          /*--------------------------------------------------------------------------------------------------------
             --*/
   7          #include "numicro_8051.h"
   8          
   9          /******************************
  10            * @brief     PWM interrupt subroutine.
  11            * @param[in] None.
  12            * @return    None.
  13          ******************************/
  14          #if defined __C51__
  15          void PWM_ISR (void) interrupt 13
  16          
  17          #elif defined __ICC8051__
              #pragma vector=0x6B
              __interrupt void INT0_ISR(void)
              
              #elif defined __SDCC__
              void PWM_ISR (void) __interrupt (13)
              #endif
  24          {
  25   1          SFRS_TMP = SFRS;              /* for SFRS page */
  26   1        
  27   1          clr_PWMCON0_PWMF;               // clear PWM interrupt flag
  28   1      
  29   1          if (SFRS_TMP)                 /* for SFRS page */
  30   1          {
  31   2            ENABLE_SFR_PAGE1;
  32   2          }
  33   1      } 
  34          
  35          /******************************
  36            * @brief     Main loop.
  37            * @param[in] None.
  38            * @return    None.
  39          ******************************/
  40          void main(void)
  41          {
  42   1      
  43   1          MODIFY_HIRC(HIRC_24);
  44   1          Enable_UART0_VCOM_printf_24M_115200();
  45   1          printf ("\n\r test start ...");
  46   1      
  47   1          printf ("\n\r PWM frequency = Fpwm/((PWMPH,PWMPL) + 1) <Fpwm = Fsys/PWM_CLOCK_DIV> ");
C51 COMPILER V9.60.0.0   MAIN                                                              06/25/2024 11:41:37 PAGE 2   

  48   1          printf ("\n\r               = (24MHz/8)/(999+1)");
  49   1          printf ("\n\r               = 3 kHz");
  50   1      
  51   1          ENABLE_PWM0_CH2_P10_OUTPUT;
  52   1          PWM0_INT_PWM2;
  53   1          PWM0_FALLING_INT;           /*Setting Interrupt happen when PWM0 falling signal */
  54   1        
  55   1          PWM0_CLOCK_DIV_8;
  56   1          PWMPH = HIBYTE(999);       /*Setting PWM period  */
  57   1          PWMPL = LOBYTE(999);
  58   1          PWM2H = HIBYTE(499);       /*PWM0 high duty = 1/2 PWM period */
  59   1          PWM2L = LOBYTE(499); 
  60   1      
  61   1          ENABLE_PWM0_INTERRUPT;     /*Enable PWM interrupt  */
  62   1          ENABLE_GLOBAL_INTERRUPT;
  63   1          set_PWMCON0_LOAD;
  64   1          set_PWMCON0_PWMRUN;
  65   1          while(1);
  66   1      }


MODULE INFORMATION:   STATIC OVERLAYABLE
   CODE SIZE        =    201    ----
   CONSTANT SIZE    =    153    ----
   XDATA SIZE       =   ----    ----
   PDATA SIZE       =   ----    ----
   DATA SIZE        =   ----    ----
   IDATA SIZE       =   ----    ----
   BIT SIZE         =   ----    ----
   EDATA SIZE       =   ----    ----
   HDATA SIZE       =   ----    ----
   XDATA CONST SIZE =   ----    ----
   FAR CONST SIZE   =   ----    ----
END OF MODULE INFORMATION.


C51 COMPILATION COMPLETE.  0 WARNING(S),  0 ERROR(S)
