C51 COMPILER V9.60.0.0   MAIN                                                              06/25/2024 11:41:30 PAGE 1   


C51 COMPILER V9.60.0.0, COMPILATION OF MODULE MAIN
OBJECT MODULE PLACED IN .\Output\main.obj
COMPILER INVOKED BY: C:\Keil_v5\C51\BIN\C51.EXE ..\main.c LARGE OMF2 OPTIMIZE(7,SPEED) BROWSE INCDIR(..\..\..\..\Library
                    -\Device\Include;..\..\..\..\Library\StdDriver\inc) DEBUG PRINT(.\LST\main.lst) TABS(2) OBJECT(.\Output\main.obj)

line level    source

   1          /*--------------------------------------------------------------------------------------------------------
             --*/
   2          /*                                                                                                        
             - */
   3          /* SPDX-License-Identifier: Apache-2.0                                                                    
             - */
   4          /* Copyright(c) 2024 Nuvoton Technology Corp. All rights reserved.                                        
             - */
   5          /*                                                                                                        
             - */
   6          /*--------------------------------------------------------------------------------------------------------
             --*/
   7          #include "numicro_8051.h"
   8          
   9          /******************************
  10            * @brief     Main loop.
  11            * @param[in] None.
  12            * @return    None.
  13          ******************************/
  14          void main(void)
  15          {
  16   1      /* UART0 settting for printf function */
  17   1          MODIFY_HIRC(HIRC_24);
  18   1          Enable_UART0_VCOM_printf_24M_115200();
  19   1          printf ("\n\r Test start ...");
  20   1      
  21   1          printf ("\n\r PWM frequency   = Fpwm/((PWMPH,PWMPL)+1) = (24MHz/8)/(0x7CF+1) = 1.5KHz (1ms)");
  22   1          printf ("\n\r PWM4 high duty  = PWM4H,PWM4L = 0x01CF = 1/4 PWM period");
  23   1          printf ("\n\r PWM0 high duty  = PWM0H,PMW0L = 0x03CF = 1/2 PWM period");
  24   1          printf ("\n\r Dead time       = 0x1FF <PDTEN.4+PDTCNT[7:0]>/Fsys = 0x1FF/Fsys = 512/24M = 21.3 us (max
             - value)");
  25   1      
  26   1          P12_QUASI_MODE;
  27   1          P11_QUASI_MODE;
  28   1          P01_QUASI_MODE;
  29   1          P15_QUASI_MODE;
  30   1      
  31   1          ENABLE_PWM0_CH0_P12_OUTPUT;
  32   1          ENABLE_PWM0_CH1_P11_OUTPUT;
  33   1          ENABLE_PWM0_CH4_P01_OUTPUT;
  34   1          ENABLE_PWM0_CH5_P15_OUTPUT;
  35   1        
  36   1          PWM0_COMPLEMENTARY_MODE;          //Only this mode support deat time function
  37   1          PWM0_CLOCK_DIV_8;
  38   1          PWMPH = 0x07;
  39   1          PWMPL = 0xCF;
  40   1      
  41   1          PWM0H = 0x03;
  42   1          PWM0L = 0xCF;
  43   1          ENABLE_SFR_PAGE1;                    // PWM4 and PWM5 duty value need set SFPPAGE 1
  44   1          PWM4H = 0x01;
  45   1          PWM4L = 0xCF;
  46   1          ENABLE_SFR_PAGE0;
  47   1          
C51 COMPILER V9.60.0.0   MAIN                                                              06/25/2024 11:41:30 PAGE 2   

  48   1          printf ("\n\r Please always setting Dead time if needed before PWM run.  ");
  49   1          PWM0_DeadZoneEnable(PWM0_CH01,0x100);      //value never over 0x1FF
  50   1      
  51   1          set_PWMCON0_LOAD;
  52   1          set_PWMCON0_PWMRUN;
  53   1          while(1);    
  54   1      }


MODULE INFORMATION:   STATIC OVERLAYABLE
   CODE SIZE        =    219    ----
   CONSTANT SIZE    =    379    ----
   XDATA SIZE       =   ----    ----
   PDATA SIZE       =   ----    ----
   DATA SIZE        =   ----    ----
   IDATA SIZE       =   ----    ----
   BIT SIZE         =   ----    ----
   EDATA SIZE       =   ----    ----
   HDATA SIZE       =   ----    ----
   XDATA CONST SIZE =   ----    ----
   FAR CONST SIZE   =   ----    ----
END OF MODULE INFORMATION.


C51 COMPILATION COMPLETE.  0 WARNING(S),  0 ERROR(S)
