C51 COMPILER V9.60.0.0   MAIN                                                              03/12/2025 14:06:01 PAGE 1   


C51 COMPILER V9.60.0.0, COMPILATION OF MODULE MAIN
OBJECT MODULE PLACED IN .\Output\main.obj
COMPILER INVOKED BY: C:\Keil_v5\C51\BIN\C51.EXE ..\main.c LARGE OMF2 OPTIMIZE(7,SPEED) BROWSE INCDIR(..\..\..\..\Library
                    -\Device\Include;..\..\..\..\Library\StdDriver\inc) DEBUG PRINT(.\LST\main.lst) TABS(2) OBJECT(.\Output\main.obj)

line level    source

   1          /*--------------------------------------------------------------------------------------------------------
             --*/
   2          /*                                                                                                        
             - */
   3          /* SPDX-License-Identifier: Apache-2.0                                                                    
             - */
   4          /* Copyright(c) 2023 Nuvoton Technology Corp. All rights reserved.                                        
             - */
   5          /*                                                                                                        
             - */
   6          /*--------------------------------------------------------------------------------------------------------
             --*/
   7          #include "numicro_8051.h"
   8          
   9          #if defined __C51__
  10          void SerialPort1_ISR(void) interrupt 15
  11          
  12          #elif defined __ICC8051__
              #pragma vector=0x7B
              __interrupt void SerialPort1_ISR(void)
              
              #elif defined __SDCC__
              void SerialPort1_ISR(void) __interrupt (15)
              #endif
  19          {
  20   1         SFRS_TMP = SFRS;              /* for SFRS page */
  21   1      
  22   1          if (RI_1)
  23   1          {
  24   2              uart1_receive_data = SBUF_1;
  25   2              uart1_receive_flag = 1;
  26   2              clr_SCON_1_RI_1;                             /* clear reception flag for next reception */
  27   2          }
  28   1      
  29   1          if (TI_1 == 1)
  30   1          {
  31   2              if (!PRINTFG)
  32   2              {
  33   3                  clr_SCON_1_TI_1;                             /* if emission occur */
  34   3              }
  35   2          }
  36   1      
  37   1          if (SFRS_TMP)                 /* for SFRS page */
  38   1          {
  39   2            ENABLE_SFR_PAGE1;
  40   2          }
  41   1      }
  42          /*********************************************************************************************************
             -*******
  43           * FUNCTION_PURPOSE: Main function 
  44            
  45           !!! UART1 pin also occupied by debug pin, 
  46           please remove Nu-link or not in debug mode to test UART1 function.
  47          
C51 COMPILER V9.60.0.0   MAIN                                                              03/12/2025 14:06:01 PAGE 2   

  48           External UART1 connect also disturb debug download
  49          
  50           *********************************************************************************************************
             -******/
  51          void main (void)
  52          {
  53   1          GPIO_LED_QUASI_MODE;    // For I/O toggle display
  54   1      /* Modify HIRC to 24MHz for UART baud rate deviation not over 1%*/
  55   1          MODIFY_HIRC(HIRC_24);
  56   1          P16_QUASI_MODE;
  57   1          P02_INPUT_MODE;
  58   1          UART_Open(24000000,UART1_Timer3,115200);
  59   1          ENABLE_UART1_INTERRUPT;
  60   1          ENABLE_GLOBAL_INTERRUPT;                //ENABLE_GLOBAL_INTERRUPT
  61   1      
  62   1          while(1)
  63   1          {
  64   2            if (uart1_receive_flag)
  65   2            {
  66   3                uart1_receive_flag = 0;
  67   3                UART_Send_Data(UART1,uart1_receive_data);
  68   3                GPIO_LED ^= 1;      //Receive each byte P12 toggle, never work under debug mode
  69   3            }
  70   2          }
  71   1      }
  72            


MODULE INFORMATION:   STATIC OVERLAYABLE
   CODE SIZE        =    143    ----
   CONSTANT SIZE    =   ----    ----
   XDATA SIZE       =   ----    ----
   PDATA SIZE       =   ----    ----
   DATA SIZE        =   ----    ----
   IDATA SIZE       =   ----    ----
   BIT SIZE         =   ----    ----
   EDATA SIZE       =   ----    ----
   HDATA SIZE       =   ----    ----
   XDATA CONST SIZE =   ----    ----
   FAR CONST SIZE   =   ----    ----
END OF MODULE INFORMATION.


C51 COMPILATION COMPLETE.  0 WARNING(S),  0 ERROR(S)
