C51 COMPILER V9.60.0.0   DELAY                                                             03/12/2025 14:06:06 PAGE 1   


C51 COMPILER V9.60.0.0, COMPILATION OF MODULE DELAY
OBJECT MODULE PLACED IN .\Output\delay.obj
COMPILER INVOKED BY: C:\Keil_v5\C51\BIN\C51.EXE ..\..\..\..\Library\StdDriver\src\delay.c LARGE OMF2 OPTIMIZE(7,SPEED) B
                    -ROWSE INCDIR(..\..\..\..\Library\Device\Include;..\..\..\..\Library\StdDriver\inc) DEFINE(FOSC_160000) DEBUG PRINT(.\LST
                    -\delay.lst) TABS(2) OBJECT(.\Output\delay.obj)

line level    source

   1          /*--------------------------------------------------------------------------------------------------------
             --*/
   2          /*                                                                                                        
             - */
   3          /* SPDX-License-Identifier: Apache-2.0                                                                    
             - */
   4          /* Copyright(c) 2023 Nuvoton Technology Corp. All rights reserved.                                        
             - */
   5          /*                                                                                                        
             - */
   6          /*--------------------------------------------------------------------------------------------------------
             --*/
   7          #include "numicro_8051.h"
   8          
   9          
  10          /**
  11            * @brief Timer0 delay setting 
  12            * @param[in] u32SYSCLK define Fsys clock value. for example 24000000, use the real Fsys value.
  13            *                       - \ref 24000000 (use HIRC 24MHz)
  14            *                       - \ref 16000000 (use HIRC 16MHz)
  15            * @param[in] u8CNT define count time.
  16            * @param[in] u6DLYUnit define delay time base is us. From 1~10000, the maxima value please not over 1000
             -0.
  17            *                       - \ref 1000 (1ms)
  18            *                       - \ref 100 (100us)
  19            * @return  None
  20            * @note    If use LIRC or LXT as Fsys need adjust this marco.
  21            * @exmaple :  Timer0_Delay(16000000,200,1000);
  22          */
  23          void Timer0_Delay(uint32_t u32SYSCLK, uint16_t u16CNT, uint16_t u16DLYUnit)
  24          {
  25   1            uint8_t TL0TMP, TH0TMP;
  26   1        
  27   1            TIMER0_FSYS_DIV12;                                  //T0M=0, Timer0 Clock = Fsys/12
  28   1            ENABLE_TIMER0_MODE1;                                   //Timer0 is 16-bit mode
  29   1            TL0TMP = LOBYTE(65535-((u32SYSCLK/1000000)*u16DLYUnit/12));
  30   1            TH0TMP = HIBYTE(65535-((u32SYSCLK/1000000)*u16DLYUnit/12));
  31   1        
  32   1          while (u16CNT != 0)
  33   1          {
  34   2            TL0=TL0TMP;
  35   2            TH0=TH0TMP;
  36   2            set_TCON_TR0;                                    //Start Timer0
  37   2            while (!TF0);                       //Check Timer0 Time-Out Flag
  38   2            clr_TCON_TF0;
  39   2            clr_TCON_TR0;                       //Stop Timer0
  40   2            u16CNT --;
  41   2          }
  42   1      //    clr_TCON_TR0;                                     //Stop Timer0
  43   1      }
  44          
  45          /**
  46            * @brief Timer1 delay setting 
C51 COMPILER V9.60.0.0   DELAY                                                             03/12/2025 14:06:06 PAGE 2   

  47            * @param[in] u32SYSCLK define Fsys clock value. for example 24000000, use the real Fsys value.
  48            *                       - \ref 24000000 (use HIRC)
  49            *                       - \ref 22118400 (use HXT)
  50            * @param[in] u8CNT define count time.
  51            * @param[in] u16DLYUnit define delay time base is us. From 1~10000, the maxima value please not over 100
             -00.
  52            *                       - \ref 1000 (1ms)
  53            *                       - \ref 100 (100us)
  54            * @return  None
  55            * @note    If use LIRC or LXT as Fsys need adjust this marco.
  56            * @exmaple :  Timer1_Delay(24000000,5,1000);
  57          */
  58          void Timer1_Delay(uint32_t u32SYSCLK, uint16_t u16CNT, uint16_t u16DLYUnit)
  59          {
  60   1        uint8_t TL1TMP,TH1TMP;
  61   1      
  62   1          TIMER1_FSYS_DIV12;                                 //T1M=0, Timer1 Clock = Fsys/12
  63   1          ENABLE_TIMER1_MODE1;                                //Timer1 is 16-bit mode
  64   1          TL1TMP = LOBYTE(65535-((u32SYSCLK/1000000)*u16DLYUnit)/12);
  65   1          TH1TMP = HIBYTE(65535-((u32SYSCLK/1000000)*u16DLYUnit)/12);
  66   1        
  67   1          while (u16CNT != 0)
  68   1          {
  69   2            TL1 = TL1TMP;
  70   2            TH1 = TH1TMP;
  71   2            set_TCON_TR1;                                //Start Timer1
  72   2            while (!TF1);                                //Check Timer1 Time-Out Flag
  73   2            clr_TCON_TF1;
  74   2            clr_TCON_TR1;
  75   2            u16CNT --;
  76   2          }
  77   1      }
  78          
  79          /**
  80            * @brief Timer2 delay setting 
  81            * @param[in] u32SYSCLK define Fsys clock value. for example 24000000, use the real Fsys value.
  82            *                       - \ref 24000000 (use HIRC)
  83            *                       - \ref 22118400 (use HXT for example)
  84            * @param[in] u16TMDIV define timer2 clock devider value from 1\4\16\32\64\128\256\512 detail check datas
             -heet T2MOD.
  85            *                       - \ref 512
  86            * @param[in] u16CNT define total count times.
  87            * @param[in] u6DLYUnit define delay time base is us. From 1~1000000, please consider the value with devi
             -der.
  88            *                       - \ref 1000 (1ms)
  89            *                       - \ref 100 (100us)
  90            * @return  None
  91            * @note    If use LIRC or LXT as Fsys need adjust this marco.
  92            * @exmaple :  Timer2_Delay(24000000,128,5,1000);
  93          */
  94          void Timer2_Delay(uint32_t u32SYSCLK,uint16_t u16TMDIV, uint16_t u16CNT, uint32_t u32DLYUnit)
  95          {
  96   1        uint8_t TL2TMP,TH2TMP;
  97   1        
  98   1          SFRS = 0x00;
  99   1          switch (u16TMDIV)
 100   1          {
 101   2            case 1:T2MOD&=0x8F; break;
 102   2            case 4:T2MOD&=0x8F;T2MOD|=0x10; break;
 103   2            case 16:T2MOD&=0x8F;T2MOD|=0x20; break;
 104   2            case 32:T2MOD&=0x8F;T2MOD|=0x30; break;
 105   2            case 64:T2MOD&=0x8F;T2MOD|=0x40; break;
C51 COMPILER V9.60.0.0   DELAY                                                             03/12/2025 14:06:06 PAGE 3   

 106   2            case 128:T2MOD&=0x8F;T2MOD|=0x50; break;
 107   2            case 256:T2MOD&=0x8F;T2MOD|=0x60; break;
 108   2            case 512:T2MOD&=0x8F;T2MOD|=0x70; break;
 109   2          }
 110   1          clr_T2CON_CMRL2;                                  //Timer 2 as auto-reload mode
 111   1          set_T2MOD_LDEN;
 112   1          set_T2MOD_CMPCR;                                  //Timer 2 value is auto-cleared as 0000H when a comp
             -are match occurs.
 113   1          TL2TMP = LOBYTE(65536-((u32SYSCLK/1000000)*u32DLYUnit/u16TMDIV));
 114   1          TH2TMP = HIBYTE(65536-((u32SYSCLK/1000000)*u32DLYUnit/u16TMDIV));
 115   1          while (u16CNT != 0)
 116   1          {
 117   2            TL2 = TL2TMP;
 118   2            TH2 = TH2TMP;
 119   2            set_T2CON_TR2;                                    //Start Timer2
 120   2            while (TF2!=1);            //Check Timer2 Time-Out Flag
 121   2            clr_T2CON_TF2;
 122   2            clr_T2CON_TR2;                                    //Stop Timer2
 123   2            u16CNT --;
 124   2          }
 125   1      }
 126          /**
 127            * @brief Timer3 delay setting 
 128            * @param[in] u32SYSCLK define Fsys clock value. for example 24000000, use the real Fsys value.
 129            *                       - \ref 24000000 (use HIRC)
 130            *                       - \ref 22118400 (use HXT for example)
 131            * @param[in] u8TMDIV define timer2 clock devider value from 1\2\4\8\16\32\64\128 detail check datasheet 
             -T3MOD.
 132            *                       - \ref 512
 133            * @param[in] u16CNT define total count times.
 134            * @param[in] u32DLYUnit define delay time base is us. From 1~1000000, please consider the value with dev
             -ider.
 135            *                       - \ref 1000 (1ms)
 136            *                       - \ref 100 (100us)
 137            * @return  None
 138            * @note    If use LIRC or LXT as Fsys need adjust this marco.
 139            * @exmaple :  Timer3_Delay(24000000,16,5,1000);
 140          */
 141          void Timer3_Delay(uint32_t u32SYSCLK,uint8_t u8TMDIV, uint16_t u16CNT, uint32_t u32DLYUnit)
 142          {
 143   1        uint8_t TL3TMP,TH3TMP;
 144   1        
 145   1          SFRS = 0x00;
 146   1          switch (u8TMDIV)
 147   1          {
 148   2            case 1:T3CON&=0xF8; break;
 149   2            case 2:T3CON&=0xF8;T3CON|=0x01; break;
 150   2            case 4:T3CON&=0xF8;T3CON|=0x02; break;
 151   2            case 8:T3CON&=0xF8;T3CON|=0x03; break;
 152   2            case 16:T3CON&=0xF8;T3CON|=0x04; break;
 153   2            case 32:T3CON&=0xF8;T3CON|=0x05; break;
 154   2            case 64:T3CON&=0xF8;T3CON|=0x06; break;
 155   2            case 128:T3CON&=0xF8;T3CON|=0x07; break;
 156   2          }
 157   1          TL3TMP = LOBYTE(65536-((u32SYSCLK/1000000)*u32DLYUnit/u8TMDIV));
 158   1         TH3TMP = HIBYTE(65536-((u32SYSCLK/1000000)*u32DLYUnit/u8TMDIV));
 159   1      
 160   1          while (u16CNT != 0)
 161   1          {
 162   2            clr_T3CON_TF3;
 163   2            RL3 = TL3TMP;
 164   2            RH3 = TH3TMP;
C51 COMPILER V9.60.0.0   DELAY                                                             03/12/2025 14:06:06 PAGE 4   

 165   2            set_T3CON_TR3;                                    //Trigger Timer3
 166   2            while (!(T3CON&SET_BIT4));                        //Check Timer3 Time-Out Flag
 167   2            clr_T3CON_TF3;
 168   2            clr_T3CON_TR3;                                    //Stop Timer3
 169   2            u16CNT --;
 170   2          }
 171   1          clr_T3CON_TR3;
 172   1      }
 173          


MODULE INFORMATION:   STATIC OVERLAYABLE
   CODE SIZE        =   1179    ----
   CONSTANT SIZE    =   ----    ----
   XDATA SIZE       =   ----      43
   PDATA SIZE       =   ----    ----
   DATA SIZE        =   ----    ----
   IDATA SIZE       =   ----    ----
   BIT SIZE         =   ----    ----
   EDATA SIZE       =   ----    ----
   HDATA SIZE       =   ----    ----
   XDATA CONST SIZE =   ----    ----
   FAR CONST SIZE   =   ----    ----
END OF MODULE INFORMATION.


C51 COMPILATION COMPLETE.  0 WARNING(S),  0 ERROR(S)
