C51 COMPILER V9.60.0.0   MAIN                                                              06/25/2024 11:41:08 PAGE 1   


C51 COMPILER V9.60.0.0, COMPILATION OF MODULE MAIN
OBJECT MODULE PLACED IN .\Output\main.obj
COMPILER INVOKED BY: C:\Keil_v5\C51\BIN\C51.EXE ..\main.c LARGE OMF2 OPTIMIZE(7,SPEED) BROWSE INCDIR(..\..\..\..\Library
                    -\Device\Include;..\..\..\..\Library\StdDriver\inc) DEBUG PRINT(.\LST\main.lst) TABS(2) OBJECT(.\Output\main.obj)

line level    source

   1          /*--------------------------------------------------------------------------------------------------------
             --*/
   2          /*                                                                                                        
             - */
   3          /* SPDX-License-Identifier: Apache-2.0                                                                    
             - */
   4          /* Copyright(c) 2024 Nuvoton Technology Corp. All rights reserved.                                        
             - */
   5          /*                                                                                                        
             - */
   6          /*--------------------------------------------------------------------------------------------------------
             --*/
   7          #include "numicro_8051.h"
   8          
   9          /******************************
  10            * @brief     Main loop.
  11            * @param[in] None.
  12            * @return    None.
  13          ******************************/
  14          void main (void) 
  15          {
  16   1          uint8_t i;
  17   1      
  18   1          MODIFY_HIRC(HIRC_24);
  19   1          Enable_UART0_VCOM_printf_24M_115200();
  20   1          printf ("\n\r This code must run in LDROM !!");
  21   1          printf ("\n\r Enable LDROM in CONFIG and <BOOT FROM LDROM> !");
  22   1          printf ("\n\r ");
  23   1          printf ("\n\r Toggle P05 to low to start test ...");
  24   1      
  25   1          GPIO_LED_QUASI_MODE;
  26   1          while (GPIO_LED);
  27   1      
  28   1          for(i=0;i<128;i++)
  29   1            IAPDataBuf[i]=i;
  30   1      
  31   1          Erase_APROM(0x80,128);
  32   1          Erase_Verify_APROM(0x80,128);
  33   1          Program_APROM(0x80,128);
  34   1          Program_Verify_APROM(0x80,128);
  35   1      
  36   1          while(1);
  37   1      }
  38          


MODULE INFORMATION:   STATIC OVERLAYABLE
   CODE SIZE        =    127    ----
   CONSTANT SIZE    =    127    ----
   XDATA SIZE       =   ----    ----
   PDATA SIZE       =   ----    ----
   DATA SIZE        =   ----    ----
   IDATA SIZE       =   ----    ----
   BIT SIZE         =   ----    ----
C51 COMPILER V9.60.0.0   MAIN                                                              06/25/2024 11:41:08 PAGE 2   

   EDATA SIZE       =   ----    ----
   HDATA SIZE       =   ----    ----
   XDATA CONST SIZE =   ----    ----
   FAR CONST SIZE   =   ----    ----
END OF MODULE INFORMATION.


C51 COMPILATION COMPLETE.  0 WARNING(S),  0 ERROR(S)
