C51 COMPILER V9.60.0.0   MAIN                                                              06/25/2024 11:41:23 PAGE 1   


C51 COMPILER V9.60.0.0, COMPILATION OF MODULE MAIN
OBJECT MODULE PLACED IN .\Output\main.obj
COMPILER INVOKED BY: C:\Keil_v5\C51\BIN\C51.EXE ..\main.c LARGE OMF2 OPTIMIZE(7,SPEED) BROWSE INCDIR(..\..\..\..\Library
                    -\Device\Include;..\..\..\..\Library\StdDriver\inc) DEBUG PRINT(.\LST\main.lst) TABS(2) OBJECT(.\Output\main.obj)

line level    source

   1          /*--------------------------------------------------------------------------------------------------------
             --*/
   2          /*                                                                                                        
             - */
   3          /* SPDX-License-Identifier: Apache-2.0                                                                    
             - */
   4          /* Copyright(c) 2024 Nuvoton Technology Corp. All rights reserved.                                        
             - */
   5          /*                                                                                                        
             - */
   6          /*--------------------------------------------------------------------------------------------------------
             --*/
   7          #include "numicro_8051.h"
   8          
   9          /******************************
  10            * @brief     External pin interrupt INT0 subroutin.
  11            * @param[in] None.
  12            * @return    None.
  13          ******************************/
  14          #if defined __C51__
  15          void INT0_ISR(void) interrupt 0          // Vector @  0x03
  16          
  17          #elif defined __ICC8051__
              #pragma vector=0x03
              __interrupt void INT0_ISR(void)
              
              #elif defined __SDCC__
              void INT0_ISR(void) __interrupt (0)          // Vector @  0x03
              #endif
  24          {
  25   1          SFRS_TMP = SFRS;              /* for SFRS page */
  26   1      
  27   1          clr_TCON_IE0;          //clr int flag wait next falling edge
  28   1      
  29   1          if (SFRS_TMP)                 /* for SFRS page */
  30   1          {
  31   2            ENABLE_SFR_PAGE1;
  32   2          }
  33   1      }
  34          
  35          
  36          void main (void) 
  37          {
  38   1          MODIFY_HIRC(HIRC_24);
  39   1          P30_QUASI_MODE;                      //setting INT0 pin P3.0 as Quasi mode with internal pull high  
  40   1          P30 = 1;
  41   1          INT0_FALLING_EDGE_TRIG;              //setting trig condition level or edge
  42   1          ENABLE_INT0_INTERRUPT;                         //INT0_Enable;
  43   1          ENABLE_GLOBAL_INTERRUPT;            //Global interrupt enable
  44   1          while(1);
  45   1      }
  46          
  47          
  48          
C51 COMPILER V9.60.0.0   MAIN                                                              06/25/2024 11:41:23 PAGE 2   



MODULE INFORMATION:   STATIC OVERLAYABLE
   CODE SIZE        =     62    ----
   CONSTANT SIZE    =   ----    ----
   XDATA SIZE       =   ----    ----
   PDATA SIZE       =   ----    ----
   DATA SIZE        =   ----    ----
   IDATA SIZE       =   ----    ----
   BIT SIZE         =   ----    ----
   EDATA SIZE       =   ----    ----
   HDATA SIZE       =   ----    ----
   XDATA CONST SIZE =   ----    ----
   FAR CONST SIZE   =   ----    ----
END OF MODULE INFORMATION.


C51 COMPILATION COMPLETE.  0 WARNING(S),  0 ERROR(S)
