C51 COMPILER V9.60.0.0   MAIN                                                              03/12/2025 14:03:31 PAGE 1   


C51 COMPILER V9.60.0.0, COMPILATION OF MODULE MAIN
OBJECT MODULE PLACED IN .\Output\main.obj
COMPILER INVOKED BY: C:\Keil_v5\C51\BIN\C51.EXE ..\main.c LARGE OMF2 OPTIMIZE(8,SPEED) BROWSE INCDIR(..\..\..\..\Library
                    -\Device\Include;..\..\..\..\Library\StdDriver\inc) DEFINE(FOSC_160000) DEBUG PRINT(.\LST\main.lst) TABS(2) OBJECT(.\Outp
                    -ut\main.obj)

line level    source

   1          /*--------------------------------------------------------------------------------------------------------
             --*/
   2          /*                                                                                                        
             - */
   3          /* SPDX-License-Identifier: Apache-2.0                                                                    
             - */
   4          /* Copyright(c) 2023 Nuvoton Technology Corp. All rights reserved.                                        
             - */
   5          /*                                                                                                        
             - */
   6          /*--------------------------------------------------------------------------------------------------------
             --*/
   7          #include "numicro_8051.h"
   8          
   9          
  10          void main (void) 
  11          {
  12   1         uint16_t  ADCdataAIN5, ADCdataVBG;
  13   1      
  14   1        /* UART0 settting for printf function */
  15   1          MODIFY_HIRC(HIRC_24);
  16   1          Enable_UART0_VCOM_printf_24M_115200();
  17   1          printf ("\n Test start ...");
  18   1      
  19   1        /*Enable Bandgap */
  20   1          ENABLE_ADC_BANDGAP;
  21   1          ADCCON1|=0X30;            /* clock divider */
  22   1          ADCCON2|=0X0E;            /* AQT time */
  23   1          clr_ADCCON0_ADCF;
  24   1          set_ADCCON0_ADCS;
  25   1          while(!(ADCCON0&SET_BIT7));;
  26   1          ADCdataVBG = ADCRH<<4;
  27   1          ADCdataVBG |= ADCRL&0x0F;
  28   1          DISABLE_ADC;
  29   1          printf("\n ADC channel bandgap =0x%x", ADCdataVBG);
  30   1          Timer0_Delay(24000000,200,1000);
  31   1      
  32   1        /*Enable channel 5 */
  33   1          ENABLE_ADC_AIN5;
  34   1          ADCCON1|=0X30;            /* clock divider */
  35   1          ADCCON2|=0X0E;            /* AQT time */
  36   1          clr_ADCCON0_ADCF;
  37   1          set_ADCCON0_ADCS;
  38   1          while(!(ADCCON0&SET_BIT7)); /* wait ADCF */
  39   1          ADCdataAIN5 = ADCRH<<4;
  40   1          ADCdataAIN5 |= ADCRL&0x0F;
  41   1          DISABLE_ADC;
  42   1          printf("\n ADC channel 5 =0x%x", ADCdataAIN5);
  43   1          Timer0_Delay(24000000,200,1000);
  44   1      
  45   1          while(1);
  46   1      }

C51 COMPILER V9.60.0.0   MAIN                                                              03/12/2025 14:03:31 PAGE 2   


MODULE INFORMATION:   STATIC OVERLAYABLE
   CODE SIZE        =    443    ----
   CONSTANT SIZE    =     67    ----
   XDATA SIZE       =   ----       4
   PDATA SIZE       =   ----    ----
   DATA SIZE        =   ----    ----
   IDATA SIZE       =   ----    ----
   BIT SIZE         =   ----    ----
   EDATA SIZE       =   ----    ----
   HDATA SIZE       =   ----    ----
   XDATA CONST SIZE =   ----    ----
   FAR CONST SIZE   =   ----    ----
END OF MODULE INFORMATION.


C51 COMPILATION COMPLETE.  0 WARNING(S),  0 ERROR(S)
